app/build/intermediates/manifest_merge_blame_file/debug/manifest-merger-blame-debug-report.txt
1<?xml version="1.0" encoding="utf-8"?>
2<!--
3  ~ Copyright 2021 The Android Open Source Project
4  ~
5  ~ Licensed under the Apache License, Version 2.0 (the "License");
6  ~ you may not use this file except in compliance with the License.
7  ~ You may obtain a copy of the License at
8  ~
9  ~     https://www.apache.org/licenses/LICENSE-2.0
10  ~
11  ~ Unless required by applicable law or agreed to in writing, software
12  ~ distributed under the License is distributed on an "AS IS" BASIS,
13  ~ WITHOUT WARRANTIES OR CONDITIONS OF ANY KIND, either express or implied.
14  ~ See the License for the specific language governing permissions and
15  ~ limitations under the License.
16-->
17<manifest xmlns:android="http://schemas.android.com/apk/res/android"
18    package="com.example.passivedata"
19    android:versionCode="1"
20    android:versionName="1.0" >
21
22    <uses-sdk
23        android:minSdkVersion="30"
23-->src/main/AndroidManifest.xml
24        android:targetSdkVersion="30" />
24-->src/main/AndroidManifest.xml
25
26    <uses-feature android:name="android.hardware.type.watch" />
26-->src/main/AndroidManifest.xml:22:5-64
26-->src/main/AndroidManifest.xml:22:19-61
27
28    <!-- For receiving heart rate data. -->
29    <uses-permission android:name="android.permission.BODY_SENSORS" />
29-->src/main/AndroidManifest.xml:25:5-71
29-->src/main/AndroidManifest.xml:25:22-68
30    <uses-permission android:name="android.permission.INTERNET" />
30-->src/main/AndroidManifest.xml:26:5-66
30-->src/main/AndroidManifest.xml:26:22-64
31    <uses-permission android:name="android.permission.ACCESS_NETWORK_STATE" />
31-->src/main/AndroidManifest.xml:27:5-79
31-->src/main/AndroidManifest.xml:27:22-76
32    <!-- Needed in order to re-register for data on device startup. -->
33    <uses-permission android:name="android.permission.RECEIVE_BOOT_COMPLETED" />
33-->src/main/AndroidManifest.xml:29:5-81
33-->src/main/AndroidManifest.xml:29:22-78
34
35    <!--
36         When an app targets Android 11 (API level 30) or higher and queries for information about
37         the other apps that are installed on a device, the system filters this information by
38         default. Adding the query field allows Health Services to recognize the app.
39         See https://developer.android.com/training/package-visibility.
40    -->
41    <queries>
41-->src/main/AndroidManifest.xml:36:5-38:15
42        <package android:name="com.google.android.wearable.healthservices" />
42-->src/main/AndroidManifest.xml:37:9-78
42-->src/main/AndroidManifest.xml:37:18-75
43    </queries>
44
45    <uses-permission android:name="android.permission.WAKE_LOCK" />
45-->[androidx.work:work-runtime:2.7.1] AndroidManifest.xml:25:5-68
45-->[androidx.work:work-runtime:2.7.1] AndroidManifest.xml:25:22-65
46    <uses-permission android:name="android.permission.FOREGROUND_SERVICE" />
46-->[androidx.work:work-runtime:2.7.1] AndroidManifest.xml:28:5-77
46-->[androidx.work:work-runtime:2.7.1] AndroidManifest.xml:28:22-74
47
48    <permission
48-->[androidx.core:core:1.9.0] AndroidManifest.xml:22:5-24:47
49        android:name="com.example.passivedata.DYNAMIC_RECEIVER_NOT_EXPORTED_PERMISSION"
49-->[androidx.core:core:1.9.0] AndroidManifest.xml:23:9-81
50        android:protectionLevel="signature" />
50-->[androidx.core:core:1.9.0] AndroidManifest.xml:24:9-44
51
52    <uses-permission android:name="com.example.passivedata.DYNAMIC_RECEIVER_NOT_EXPORTED_PERMISSION" />
52-->[androidx.core:core:1.9.0] AndroidManifest.xml:26:5-97
52-->[androidx.core:core:1.9.0] AndroidManifest.xml:26:22-94
53
54    <application
54-->src/main/AndroidManifest.xml:40:5-93:19
55        android:name="com.example.passivedata.MainApplication"
55-->src/main/AndroidManifest.xml:41:9-63
56        android:allowBackup="true"
56-->src/main/AndroidManifest.xml:42:9-35
57        android:appComponentFactory="androidx.core.app.CoreComponentFactory"
57-->[androidx.core:core:1.9.0] AndroidManifest.xml:28:18-86
58        android:debuggable="true"
59        android:extractNativeLibs="false"
60        android:icon="@mipmap/ic_launcher"
60-->src/main/AndroidManifest.xml:43:9-43
61        android:label="@string/app_name"
61-->src/main/AndroidManifest.xml:44:9-41
62        android:roundIcon="@mipmap/ic_launcher_round"
62-->src/main/AndroidManifest.xml:45:9-54
63        android:supportsRtl="true"
63-->src/main/AndroidManifest.xml:46:9-35
64        android:testOnly="true"
65        android:theme="@style/AppTheme" >
65-->src/main/AndroidManifest.xml:47:9-40
66        <uses-library
66-->src/main/AndroidManifest.xml:48:9-50:39
67            android:name="com.google.android.wearable"
67-->src/main/AndroidManifest.xml:49:13-55
68            android:required="true" />
68-->src/main/AndroidManifest.xml:50:13-36
69
70        <meta-data
70-->src/main/AndroidManifest.xml:52:9-54:36
71            android:name="com.google.android.wearable.standalone"
71-->src/main/AndroidManifest.xml:53:13-66
72            android:value="true" />
72-->src/main/AndroidManifest.xml:54:13-33
73
74        <activity
74-->src/main/AndroidManifest.xml:56:9-64:20
75            android:name="com.example.passivedata.MainActivity"
75-->src/main/AndroidManifest.xml:57:13-64
76            android:exported="true"
76-->src/main/AndroidManifest.xml:58:13-36
77            android:label="@string/app_name" >
77-->src/main/AndroidManifest.xml:59:13-45
78            <intent-filter>
78-->src/main/AndroidManifest.xml:60:13-63:29
79                <action android:name="android.intent.action.MAIN" />
79-->src/main/AndroidManifest.xml:61:17-69
79-->src/main/AndroidManifest.xml:61:25-66
80
81                <category android:name="android.intent.category.LAUNCHER" />
81-->src/main/AndroidManifest.xml:62:17-77
81-->src/main/AndroidManifest.xml:62:27-74
82            </intent-filter>
83        </activity>
84
85        <service
85-->src/main/AndroidManifest.xml:66:9-68:39
86            android:name="com.example.passivedata.PassiveDataService"
86-->src/main/AndroidManifest.xml:66:18-52
87            android:exported="true"
87-->src/main/AndroidManifest.xml:68:13-36
88            android:permission="com.google.android.wearable.healthservices.permission.PASSIVE_DATA_BINDING" />
88-->src/main/AndroidManifest.xml:67:13-108
89
90        <!-- Receiver that re-registers for background data after a device restart. -->
91        <receiver
91-->src/main/AndroidManifest.xml:71:9-77:20
92            android:name="com.example.passivedata.StartupReceiver"
92-->src/main/AndroidManifest.xml:72:13-44
93            android:exported="true" >
93-->src/main/AndroidManifest.xml:73:13-36
94            <intent-filter>
94-->src/main/AndroidManifest.xml:74:13-76:29
95                <action android:name="android.intent.action.BOOT_COMPLETED" />
95-->src/main/AndroidManifest.xml:75:17-79
95-->src/main/AndroidManifest.xml:75:25-76
96            </intent-filter>
97        </receiver>
98
99        <!--
100             Our application implements Configuration.Provider, so we don't need this to initialize
101             WorkManager.
102        -->
103        <provider
104            android:name="androidx.startup.InitializationProvider"
104-->src/main/AndroidManifest.xml:83:13-67
105            android:authorities="com.example.passivedata.androidx-startup"
105-->src/main/AndroidManifest.xml:84:13-68
106            android:exported="false" >
106-->src/main/AndroidManifest.xml:85:13-37
107        </provider>
108
109        <service
109-->[com.google.firebase:firebase-database-ktx:20.1.0] AndroidManifest.xml:11:9-17:19
110            android:name="com.google.firebase.components.ComponentDiscoveryService"
110-->[com.google.firebase:firebase-database-ktx:20.1.0] AndroidManifest.xml:12:13-84
111            android:directBootAware="true"
111-->[com.google.firebase:firebase-common:20.3.1] AndroidManifest.xml:34:13-43
112            android:exported="false" >
112-->[com.google.firebase:firebase-database-ktx:20.1.0] AndroidManifest.xml:13:13-37
113            <meta-data
113-->[com.google.firebase:firebase-database-ktx:20.1.0] AndroidManifest.xml:14:13-16:85
114                android:name="com.google.firebase.components:com.google.firebase.database.ktx.FirebaseDatabaseKtxRegistrar"
114-->[com.google.firebase:firebase-database-ktx:20.1.0] AndroidManifest.xml:15:17-124
115                android:value="com.google.firebase.components.ComponentRegistrar" />
115-->[com.google.firebase:firebase-database-ktx:20.1.0] AndroidManifest.xml:16:17-82
116            <meta-data
116-->[com.google.firebase:firebase-firestore-ktx:24.4.4] AndroidManifest.xml:14:13-16:85
117                android:name="com.google.firebase.components:com.google.firebase.firestore.ktx.FirebaseFirestoreKtxRegistrar"
117-->[com.google.firebase:firebase-firestore-ktx:24.4.4] AndroidManifest.xml:15:17-126
118                android:value="com.google.firebase.components.ComponentRegistrar" />
118-->[com.google.firebase:firebase-firestore-ktx:24.4.4] AndroidManifest.xml:16:17-82
119            <meta-data
119-->[com.google.firebase:firebase-common-ktx:20.3.1] AndroidManifest.xml:14:13-16:85
120                android:name="com.google.firebase.components:com.google.firebase.ktx.FirebaseCommonKtxRegistrar"
120-->[com.google.firebase:firebase-common-ktx:20.3.1] AndroidManifest.xml:15:17-113
121                android:value="com.google.firebase.components.ComponentRegistrar" />
121-->[com.google.firebase:firebase-common-ktx:20.3.1] AndroidManifest.xml:16:17-82
122            <meta-data
122-->[com.google.firebase:firebase-firestore:24.4.4] AndroidManifest.xml:19:13-21:85
123                android:name="com.google.firebase.components:com.google.firebase.firestore.FirestoreRegistrar"
123-->[com.google.firebase:firebase-firestore:24.4.4] AndroidManifest.xml:20:17-111
124                android:value="com.google.firebase.components.ComponentRegistrar" />
124-->[com.google.firebase:firebase-firestore:24.4.4] AndroidManifest.xml:21:17-82
125            <meta-data
125-->[com.google.firebase:firebase-database:20.1.0] AndroidManifest.xml:31:13-33:85
126                android:name="com.google.firebase.components:com.google.firebase.database.DatabaseRegistrar"
126-->[com.google.firebase:firebase-database:20.1.0] AndroidManifest.xml:32:17-109
127                android:value="com.google.firebase.components.ComponentRegistrar" />
127-->[com.google.firebase:firebase-database:20.1.0] AndroidManifest.xml:33:17-82
128        </service>
129
130        <provider
130-->[com.google.firebase:firebase-common:20.3.1] AndroidManifest.xml:25:9-30:39
131            android:name="com.google.firebase.provider.FirebaseInitProvider"
131-->[com.google.firebase:firebase-common:20.3.1] AndroidManifest.xml:26:13-77
132            android:authorities="com.example.passivedata.firebaseinitprovider"
132-->[com.google.firebase:firebase-common:20.3.1] AndroidManifest.xml:27:13-72
133            android:directBootAware="true"
133-->[com.google.firebase:firebase-common:20.3.1] AndroidManifest.xml:28:13-43
134            android:exported="false"
134-->[com.google.firebase:firebase-common:20.3.1] AndroidManifest.xml:29:13-37
135            android:initOrder="100" />
135-->[com.google.firebase:firebase-common:20.3.1] AndroidManifest.xml:30:13-36
136
137        <activity
137-->[com.google.android.gms:play-services-base:18.0.1] AndroidManifest.xml:20:9-22:45
138            android:name="com.google.android.gms.common.api.GoogleApiActivity"
138-->[com.google.android.gms:play-services-base:18.0.1] AndroidManifest.xml:20:19-85
139            android:exported="false"
139-->[com.google.android.gms:play-services-base:18.0.1] AndroidManifest.xml:22:19-43
140            android:theme="@android:style/Theme.Translucent.NoTitleBar" />
140-->[com.google.android.gms:play-services-base:18.0.1] AndroidManifest.xml:21:19-78
141
142        <meta-data
142-->[com.google.android.gms:play-services-basement:18.1.0] AndroidManifest.xml:21:9-23:69
143            android:name="com.google.android.gms.version"
143-->[com.google.android.gms:play-services-basement:18.1.0] AndroidManifest.xml:22:13-58
144            android:value="@integer/google_play_services_version" />
144-->[com.google.android.gms:play-services-basement:18.1.0] AndroidManifest.xml:23:13-66
145
146        <service
146-->[androidx.health:health-services-client:1.0.0-beta01] AndroidManifest.xml:24:9-31:19
147            android:name="androidx.health.services.client.VersionApiService"
147-->[androidx.health:health-services-client:1.0.0-beta01] AndroidManifest.xml:25:13-77
148            android:exported="true"
148-->[androidx.health:health-services-client:1.0.0-beta01] AndroidManifest.xml:26:13-36
149            android:permission="com.google.android.wearable.healthservices.permission.PASSIVE_DATA_BINDING" >
149-->[androidx.health:health-services-client:1.0.0-beta01] AndroidManifest.xml:27:13-108
150            <intent-filter>
150-->[androidx.health:health-services-client:1.0.0-beta01] AndroidManifest.xml:28:13-30:29
151                <action android:name="hs.versionclient.BIND" />
151-->[androidx.health:health-services-client:1.0.0-beta01] AndroidManifest.xml:29:17-64
151-->[androidx.health:health-services-client:1.0.0-beta01] AndroidManifest.xml:29:25-61
152            </intent-filter>
153        </service>
154        <service
154-->[androidx.work:work-runtime:2.7.1] AndroidManifest.xml:41:9-46:35
155            android:name="androidx.work.impl.background.systemalarm.SystemAlarmService"
155-->[androidx.work:work-runtime:2.7.1] AndroidManifest.xml:42:13-88
156            android:directBootAware="false"
156-->[androidx.work:work-runtime:2.7.1] AndroidManifest.xml:43:13-44
157            android:enabled="@bool/enable_system_alarm_service_default"
157-->[androidx.work:work-runtime:2.7.1] AndroidManifest.xml:44:13-72
158            android:exported="false" />
158-->[androidx.work:work-runtime:2.7.1] AndroidManifest.xml:45:13-37
159        <service
159-->[androidx.work:work-runtime:2.7.1] AndroidManifest.xml:47:9-53:35
160            android:name="androidx.work.impl.background.systemjob.SystemJobService"
160-->[androidx.work:work-runtime:2.7.1] AndroidManifest.xml:48:13-84
161            android:directBootAware="false"
161-->[androidx.work:work-runtime:2.7.1] AndroidManifest.xml:49:13-44
162            android:enabled="@bool/enable_system_job_service_default"
162-->[androidx.work:work-runtime:2.7.1] AndroidManifest.xml:50:13-70
163            android:exported="true"
163-->[androidx.work:work-runtime:2.7.1] AndroidManifest.xml:51:13-36
164            android:permission="android.permission.BIND_JOB_SERVICE" />
164-->[androidx.work:work-runtime:2.7.1] AndroidManifest.xml:52:13-69
165        <service
165-->[androidx.work:work-runtime:2.7.1] AndroidManifest.xml:54:9-59:35
166            android:name="androidx.work.impl.foreground.SystemForegroundService"
166-->[androidx.work:work-runtime:2.7.1] AndroidManifest.xml:55:13-81
167            android:directBootAware="false"
167-->[androidx.work:work-runtime:2.7.1] AndroidManifest.xml:56:13-44
168            android:enabled="@bool/enable_system_foreground_service_default"
168-->[androidx.work:work-runtime:2.7.1] AndroidManifest.xml:57:13-77
169            android:exported="false" />
169-->[androidx.work:work-runtime:2.7.1] AndroidManifest.xml:58:13-37
170
171        <receiver
171-->[androidx.work:work-runtime:2.7.1] AndroidManifest.xml:61:9-66:35
172            android:name="androidx.work.impl.utils.ForceStopRunnable$BroadcastReceiver"
172-->[androidx.work:work-runtime:2.7.1] AndroidManifest.xml:62:13-88
173            android:directBootAware="false"
173-->[androidx.work:work-runtime:2.7.1] AndroidManifest.xml:63:13-44
174            android:enabled="true"
174-->[androidx.work:work-runtime:2.7.1] AndroidManifest.xml:64:13-35
175            android:exported="false" />
175-->[androidx.work:work-runtime:2.7.1] AndroidManifest.xml:65:13-37
176        <receiver
176-->[androidx.work:work-runtime:2.7.1] AndroidManifest.xml:67:9-77:20
177            android:name="androidx.work.impl.background.systemalarm.ConstraintProxy$BatteryChargingProxy"
177-->[androidx.work:work-runtime:2.7.1] AndroidManifest.xml:68:13-106
178            android:directBootAware="false"
178-->[androidx.work:work-runtime:2.7.1] AndroidManifest.xml:69:13-44
179            android:enabled="false"
179-->[androidx.work:work-runtime:2.7.1] AndroidManifest.xml:70:13-36
180            android:exported="false" >
180-->[androidx.work:work-runtime:2.7.1] AndroidManifest.xml:71:13-37
181            <intent-filter>
181-->[androidx.work:work-runtime:2.7.1] AndroidManifest.xml:73:13-76:29
182                <action android:name="android.intent.action.ACTION_POWER_CONNECTED" />
182-->[androidx.work:work-runtime:2.7.1] AndroidManifest.xml:74:17-87
182-->[androidx.work:work-runtime:2.7.1] AndroidManifest.xml:74:25-84
183                <action android:name="android.intent.action.ACTION_POWER_DISCONNECTED" />
183-->[androidx.work:work-runtime:2.7.1] AndroidManifest.xml:75:17-90
183-->[androidx.work:work-runtime:2.7.1] AndroidManifest.xml:75:25-87
184            </intent-filter>
185        </receiver>
186        <receiver
186-->[androidx.work:work-runtime:2.7.1] AndroidManifest.xml:78:9-88:20
187            android:name="androidx.work.impl.background.systemalarm.ConstraintProxy$BatteryNotLowProxy"
187-->[androidx.work:work-runtime:2.7.1] AndroidManifest.xml:79:13-104
188            android:directBootAware="false"
188-->[androidx.work:work-runtime:2.7.1] AndroidManifest.xml:80:13-44
189            android:enabled="false"
189-->[androidx.work:work-runtime:2.7.1] AndroidManifest.xml:81:13-36
190            android:exported="false" >
190-->[androidx.work:work-runtime:2.7.1] AndroidManifest.xml:82:13-37
191            <intent-filter>
191-->[androidx.work:work-runtime:2.7.1] AndroidManifest.xml:84:13-87:29
192                <action android:name="android.intent.action.BATTERY_OKAY" />
192-->[androidx.work:work-runtime:2.7.1] AndroidManifest.xml:85:17-77
192-->[androidx.work:work-runtime:2.7.1] AndroidManifest.xml:85:25-74
193                <action android:name="android.intent.action.BATTERY_LOW" />
193-->[androidx.work:work-runtime:2.7.1] AndroidManifest.xml:86:17-76
193-->[androidx.work:work-runtime:2.7.1] AndroidManifest.xml:86:25-73
194            </intent-filter>
195        </receiver>
196        <receiver
196-->[androidx.work:work-runtime:2.7.1] AndroidManifest.xml:89:9-99:20
197            android:name="androidx.work.impl.background.systemalarm.ConstraintProxy$StorageNotLowProxy"
197-->[androidx.work:work-runtime:2.7.1] AndroidManifest.xml:90:13-104
198            android:directBootAware="false"
198-->[androidx.work:work-runtime:2.7.1] AndroidManifest.xml:91:13-44
199            android:enabled="false"
199-->[androidx.work:work-runtime:2.7.1] AndroidManifest.xml:92:13-36
200            android:exported="false" >
200-->[androidx.work:work-runtime:2.7.1] AndroidManifest.xml:93:13-37
201            <intent-filter>
201-->[androidx.work:work-runtime:2.7.1] AndroidManifest.xml:95:13-98:29
202                <action android:name="android.intent.action.DEVICE_STORAGE_LOW" />
202-->[androidx.work:work-runtime:2.7.1] AndroidManifest.xml:96:17-83
202-->[androidx.work:work-runtime:2.7.1] AndroidManifest.xml:96:25-80
203                <action android:name="android.intent.action.DEVICE_STORAGE_OK" />
203-->[androidx.work:work-runtime:2.7.1] AndroidManifest.xml:97:17-82
203-->[androidx.work:work-runtime:2.7.1] AndroidManifest.xml:97:25-79
204            </intent-filter>
205        </receiver>
206        <receiver
206-->[androidx.work:work-runtime:2.7.1] AndroidManifest.xml:100:9-109:20
207            android:name="androidx.work.impl.background.systemalarm.ConstraintProxy$NetworkStateProxy"
207-->[androidx.work:work-runtime:2.7.1] AndroidManifest.xml:101:13-103
208            android:directBootAware="false"
208-->[androidx.work:work-runtime:2.7.1] AndroidManifest.xml:102:13-44
209            android:enabled="false"
209-->[androidx.work:work-runtime:2.7.1] AndroidManifest.xml:103:13-36
210            android:exported="false" >
210-->[androidx.work:work-runtime:2.7.1] AndroidManifest.xml:104:13-37
211            <intent-filter>
211-->[androidx.work:work-runtime:2.7.1] AndroidManifest.xml:106:13-108:29
212                <action android:name="android.net.conn.CONNECTIVITY_CHANGE" />
212-->[androidx.work:work-runtime:2.7.1] AndroidManifest.xml:107:17-79
212-->[androidx.work:work-runtime:2.7.1] AndroidManifest.xml:107:25-76
213            </intent-filter>
214        </receiver>
215        <receiver
215-->[androidx.work:work-runtime:2.7.1] AndroidManifest.xml:110:9-121:20
216            android:name="androidx.work.impl.background.systemalarm.RescheduleReceiver"
216-->[androidx.work:work-runtime:2.7.1] AndroidManifest.xml:111:13-88
217            android:directBootAware="false"
217-->[androidx.work:work-runtime:2.7.1] AndroidManifest.xml:112:13-44
218            android:enabled="false"
218-->[androidx.work:work-runtime:2.7.1] AndroidManifest.xml:113:13-36
219            android:exported="false" >
219-->[androidx.work:work-runtime:2.7.1] AndroidManifest.xml:114:13-37
220            <intent-filter>
220-->[androidx.work:work-runtime:2.7.1] AndroidManifest.xml:116:13-120:29
221                <action android:name="android.intent.action.BOOT_COMPLETED" />
221-->src/main/AndroidManifest.xml:75:17-79
221-->src/main/AndroidManifest.xml:75:25-76
222                <action android:name="android.intent.action.TIME_SET" />
222-->[androidx.work:work-runtime:2.7.1] AndroidManifest.xml:118:17-73
222-->[androidx.work:work-runtime:2.7.1] AndroidManifest.xml:118:25-70
223                <action android:name="android.intent.action.TIMEZONE_CHANGED" />
223-->[androidx.work:work-runtime:2.7.1] AndroidManifest.xml:119:17-81
223-->[androidx.work:work-runtime:2.7.1] AndroidManifest.xml:119:25-78
224            </intent-filter>
225        </receiver>
226        <receiver
226-->[androidx.work:work-runtime:2.7.1] AndroidManifest.xml:122:9-131:20
227            android:name="androidx.work.impl.background.systemalarm.ConstraintProxyUpdateReceiver"
227-->[androidx.work:work-runtime:2.7.1] AndroidManifest.xml:123:13-99
228            android:directBootAware="false"
228-->[androidx.work:work-runtime:2.7.1] AndroidManifest.xml:124:13-44
229            android:enabled="@bool/enable_system_alarm_service_default"
229-->[androidx.work:work-runtime:2.7.1] AndroidManifest.xml:125:13-72
230            android:exported="false" >
230-->[androidx.work:work-runtime:2.7.1] AndroidManifest.xml:126:13-37
231            <intent-filter>
231-->[androidx.work:work-runtime:2.7.1] AndroidManifest.xml:128:13-130:29
232                <action android:name="androidx.work.impl.background.systemalarm.UpdateProxies" />
232-->[androidx.work:work-runtime:2.7.1] AndroidManifest.xml:129:17-98
232-->[androidx.work:work-runtime:2.7.1] AndroidManifest.xml:129:25-95
233            </intent-filter>
234        </receiver>
235        <receiver
235-->[androidx.work:work-runtime:2.7.1] AndroidManifest.xml:132:9-142:20
236            android:name="androidx.work.impl.diagnostics.DiagnosticsReceiver"
236-->[androidx.work:work-runtime:2.7.1] AndroidManifest.xml:133:13-78
237            android:directBootAware="false"
237-->[androidx.work:work-runtime:2.7.1] AndroidManifest.xml:134:13-44
238            android:enabled="true"
238-->[androidx.work:work-runtime:2.7.1] AndroidManifest.xml:135:13-35
239            android:exported="true"
239-->[androidx.work:work-runtime:2.7.1] AndroidManifest.xml:136:13-36
240            android:permission="android.permission.DUMP" >
240-->[androidx.work:work-runtime:2.7.1] AndroidManifest.xml:137:13-57
241            <intent-filter>
241-->[androidx.work:work-runtime:2.7.1] AndroidManifest.xml:139:13-141:29
242                <action android:name="androidx.work.diagnostics.REQUEST_DIAGNOSTICS" />
242-->[androidx.work:work-runtime:2.7.1] AndroidManifest.xml:140:17-88
242-->[androidx.work:work-runtime:2.7.1] AndroidManifest.xml:140:25-85
243            </intent-filter>
244        </receiver>
245
246        <service
246-->[androidx.room:room-runtime:2.2.5] AndroidManifest.xml:25:9-28:40
247            android:name="androidx.room.MultiInstanceInvalidationService"
247-->[androidx.room:room-runtime:2.2.5] AndroidManifest.xml:26:13-74
248            android:directBootAware="true"
248-->[androidx.room:room-runtime:2.2.5] AndroidManifest.xml:27:13-43
249            android:exported="false" />
249-->[androidx.room:room-runtime:2.2.5] AndroidManifest.xml:28:13-37
250    </application>
251
252</manifest>